[2026-02-22 06:30:25.827] [info]  (main)         AppID generated {
  id: 'ac7e36b1-40d1-4b93-8ef0-da7c92f18a56',
  hash: 'eeaf05847c3463464d19b028ffba5f7da49a33b4b056bdd904fd43995ef04b4a',
  distribution: 0.9323581169557698
}
[2026-02-22 06:30:25.838] [info]  (settings)     Settings not found, using default settings
[2026-02-22 06:30:25.879] [info]  (main)         App start is mac: false is windows: false islinux: true issnap: false snaprevision:  version: 1.12.1 osversion: 6.12.73+deb13-amd64 params [ '/usr/lib/proton-mail/Proton Mail Beta' ]
[2026-02-22 06:30:25.883] [info]  (main)         Build info: {"idaTag":"ida-393","buildTag":"ida-393","appVersion":"1.12.1"}
[2026-02-22 06:30:25.884] [info]  (main)         Desktop features: inapppayments:true, themeselection:true, earlyaccess:true, multiaccount:true, latestversioncheck:true, installsource:true, mailtotelemetry:false, mailtoupdate:true, esuserchoice:true, fulltheme:true, storeversion:true, heartbeatmetrics:true, statstelemetry:true, restrictedthemeselection:true, clearappmodal:true, snapsupport:true, bugreportlogattachments:true, printdialog:true
[2026-02-22 06:30:25.895] [info]  (main)         Enable check default mail to app
[2026-02-22 06:30:25.896] [info]  (protocol)     Requested to check if app default mailto. Current status: true
[2026-02-22 06:30:25.899] [debug] (protocol)     Storing default protocols: {
  mailto: {
    shouldBeDefault: true,
    wasDefaultInPast: false,
    lastReport: { wasDefault: false, timestamp: 0 },
    canUpdateDefault: true
  }
}
[2026-02-22 06:30:26.129] [debug] (protocol)     Checking default mailto
[2026-02-22 06:30:26.166] [info]  (protocol)     App default mailto client status {
  isDefault: false,
  wasChecked: true,
  shouldBeDefault: true,
  wasDefaultInPast: false,
  canUpdateDefault: true,
  lastReport: { wasDefault: false, timestamp: 0 }
}
[2026-02-22 06:30:26.169] [info]  (update)       Initialization of update checks.
[2026-02-22 06:30:26.170] [info]  (update)       Checking for new valid version.
[2026-02-22 06:30:26.266] [info]  (main)         Creating views
[2026-02-22 06:30:26.275] [info]  (main)         Skipping heartbeat, listener is not ready
[2026-02-22 06:30:26.281] [info]  (flag-manager) Feature flags loaded from cache {
  lastUpdated: '1970-01-01T00:00:00.000Z',
  flags: {
    InboxDesktopAppVersionExtensionDisabled: false,
    InboxDesktopElectronAndOsVersionUpdateConstraintsDisabled: false,
    'inda-test-flag-1': false,
    'inda-test-flag-2': false
  }
}
[2026-02-22 06:30:26.282] [debug] (flag-manager) Checking flags
[2026-02-22 06:30:26.282] [info]  (flag-manager) Feature flag periodic check started { intervalMS: 60000 }
[2026-02-22 06:30:26.416] [info]  (mail)         loadURL from  to https://mail.proton.me/
[2026-02-22 06:30:27.513] [info]  (main)         update window bounds {"x":209,"y":22,"width":1203,"height":892,"maximized":false,"zoom":1}
[2026-02-22 06:30:27.764] [info]  (update)       Skipping update: no newer version available. local: {"Version":"1.12.1","RolloutProportion":0.9090354528758897,"CategoryName":"Stable"} remote: {"CategoryName":"Stable","Version":"1.12.1","ReleaseDate":"2026-01-29","File":[{"Identifier":".deb (Ubuntu/Debian)","Url":"https://proton.me/download/mail/linux/1.12.1/ProtonMail-desktop-beta.deb","Sha512CheckSum":"e5d69709dbd9ce70eab63a8fe30698fcebe32d08db18dfccc4eb9443d4cc8067a422f4b680d9f74d5408c5f3fce95bf0ede2d4064f609415bf0b5479b55601b9"},{"Identifier":".rpm (Fedora/RHEL)","Url":"https://proton.me/download/mail/linux/1.12.1/ProtonMail-desktop-beta.rpm","Sha512CheckSum":"1e7d572859e3452e208f6ae3f6e5eac7d6bbb4cb014b36f6c7a7b0b0a7bd916d7c8562775d806536729f18762bf16600a3dc050b46ca1c0733addf6ac55a311c"}],"ReleaseNotes":[],"RolloutProportion":1,"ManualUpdate":["0.9.0"],"MinimumAppVersion":"1.0.0"}
[2026-02-22 06:30:27.765] [info]  (update)       Skipping update: no newer version available. local: {"Version":"1.12.1","RolloutProportion":0.9090354528758897,"CategoryName":"Stable"} remote: {"CategoryName":"Stable","Version":"1.11.0","ReleaseDate":"2025-11-28","File":[{"Identifier":".deb (Ubuntu/Debian)","Url":"https://proton.me/download/mail/linux/1.11.0/ProtonMail-desktop-beta.deb","Sha512CheckSum":"0f9a8996d1b58ed3e9b2236d610a4a4aae912cec10a39c7e9cd59ee2d0addbba7da931b2691c764f23a44566204c86651e07e3cc1b1730e78dd788dc0cf2c306"},{"Identifier":".rpm (Fedora/RHEL)","Url":"https://proton.me/download/mail/linux/1.11.0/ProtonMail-desktop-beta.rpm","Sha512CheckSum":"8e02ad7e2a02d0bd49a112e93b404154ff16bddcfbac27979d9dfbcf0660a28481f2656ff93d031215dc2a5cdd6fb060abfad8f13cc00a41bb3db4d22ccf7fc8"}],"ReleaseNotes":[],"RolloutProportion":1,"ManualUpdate":["0.9.0"],"MinimumAppVersion":"1.0.0"}
[2026-02-22 06:30:27.767] [info]  (update)       Skipping update: no newer version available. local: {"Version":"1.12.1","RolloutProportion":0.9090354528758897,"CategoryName":"Stable"} remote: {"CategoryName":"Stable","Version":"1.10.1","ReleaseDate":"2025-11-07","File":[{"Identifier":".deb (Ubuntu/Debian)","Url":"https://proton.me/download/mail/linux/1.10.1/ProtonMail-desktop-beta.deb","Sha512CheckSum":"405ad9659153fdd5c426b4601a1f20138e5f4eacdf58524a2cefc0612d89fefd37265457bdef6b7da7bb223d7c17124e100703857c985b792d2528a7916f18a1"},{"Identifier":".rpm (Fedora/RHEL)","Url":"https://proton.me/download/mail/linux/1.10.1/ProtonMail-desktop-beta.rpm","Sha512CheckSum":"863ea787f9e2a1acf50a7264d550c404fe86395f23323e50461f9db4e92103dce234a6902441b587ef1c59071387920afa1a1063fc691e7468420d3360856c52"}],"ReleaseNotes":[],"RolloutProportion":1,"ManualUpdate":["0.9.0"]}
[2026-02-22 06:30:27.769] [info]  (update)       Skipping update: no newer version available. local: {"Version":"1.12.1","RolloutProportion":0.9090354528758897,"CategoryName":"Stable"} remote: {"CategoryName":"Stable","Version":"1.9.1","ReleaseDate":"2025-09-24","File":[{"Identifier":".deb (Ubuntu/Debian)","Url":"https://proton.me/download/mail/linux/1.9.1/ProtonMail-desktop-beta.deb","Sha512CheckSum":"8f78db0707e3f1f0cd8ad259891840f88027c56b347c7526e8283576a997cef543c8014569aaf774f444e0d714bcd6e54a5c48171553384368c38cec4cf94e5b"},{"Identifier":".rpm (Fedora/RHEL)","Url":"https://proton.me/download/mail/linux/1.9.1/ProtonMail-desktop-beta.rpm","Sha512CheckSum":"3733868fe4d9b704bfe232589c0e7959cf1d9b2ed2a715785a3f858201bb896aa7d20ac2823f1060b85f2eaed833778b3b1458f872bebd48e85f8b2375a90af4"}],"ReleaseNotes":[],"RolloutProportion":1,"ManualUpdate":["0.9.0"]}
[2026-02-22 06:30:27.771] [info]  (update)       Skipping update: no newer version available. local: {"Version":"1.12.1","RolloutProportion":0.9090354528758897,"CategoryName":"Stable"} remote: {"CategoryName":"Stable","Version":"1.9.0","ReleaseDate":"2025-08-05","File":[{"Identifier":".deb (Ubuntu/Debian)","Url":"https://proton.me/download/mail/linux/1.9.0/ProtonMail-desktop-beta.deb","Sha512CheckSum":"b43abcf864e6296d112231cf262c8c4cac82f4b1c54cb5ba06ebb63bf032a150fd5d97d4343b9037a9694e86cb2d26d8ed1d7741668a0a3e7e123fa9cc847c75"},{"Identifier":".rpm (Fedora/RHEL)","Url":"https://proton.me/download/mail/linux/1.9.0/ProtonMail-desktop-beta.rpm","Sha512CheckSum":"760d3b6aafbd314d1256e8bed9da345fe4aab89ba6cf996b9fa547d607031d26dd7d389ed30af922ce9a3951236f19ec35a837df25ee43bd54f6e1670010b5c3"}],"ReleaseNotes":[],"RolloutProportion":0.1,"ManualUpdate":["0.9.0"]}
[2026-02-22 06:30:27.772] [info]  (update)       Skipping update: no newer version available. local: {"Version":"1.12.1","RolloutProportion":0.9090354528758897,"CategoryName":"Stable"} remote: {"CategoryName":"Stable","Version":"1.8.1","ReleaseDate":"2025-07-17","File":[{"Identifier":".deb (Ubuntu/Debian)","Url":"https://proton.me/download/mail/linux/1.8.1/ProtonMail-desktop-beta.deb","Sha512CheckSum":"31635456313c2fb4d41172eeaffe779484cb690fcd70cab56ded52064017bef227ea25ed98d9fc7f602200b97b04532b344c35081dfb3a847720f510101b8939"},{"Identifier":".rpm (Fedora/RHEL)","Url":"https://proton.me/download/mail/linux/1.8.1/ProtonMail-desktop-beta.rpm","Sha512CheckSum":"674f79bf272debd27e8aa7d6c7dcc4891d8bbdeb911462b9f63939e0571e681341d017561ed4f22b02d1c73c29bcda5c9c59293802e858cbea7423f2038f580a"}],"ReleaseNotes":[],"RolloutProportion":1,"ManualUpdate":["0.9.0"]}
[2026-02-22 06:30:27.773] [info]  (update)       Skipping update: no newer version available. local: {"Version":"1.12.1","RolloutProportion":0.9090354528758897,"CategoryName":"Stable"} remote: {"CategoryName":"Stable","Version":"1.8.0","ReleaseDate":"2025-03-06","File":[{"Identifier":".deb (Ubuntu/Debian)","Url":"https://proton.me/download/mail/linux/1.8.0/ProtonMail-desktop-beta.deb","Sha512CheckSum":"3267112cc06dc001ac59531abd84bd89a0c44ff0314ad53db2f5eb32de8f2f482ab02241a20682c08ace6cb65c13a74bb12cb77777889e240c3ed6bc64055112"},{"Identifier":".rpm (Fedore/RHEL)","Url":"https://proton.me/download/mail/linux/1.8.0/ProtonMail-desktop-beta.rpm","Sha512CheckSum":"dc869195ccdc23aec3420e042a926151da3dd3c57e3b357665335d3c8c30f14617b69c0020ea040111d04c77e59b2cd4961256882955de44403c4e06a2b0b894"}],"ReleaseNotes":[],"RolloutProportion":1,"ManualUpdate":["0.9.0"]}
[2026-02-22 06:30:27.774] [info]  (update)       Skipping update: no newer version available. local: {"Version":"1.12.1","RolloutProportion":0.9090354528758897,"CategoryName":"Stable"} remote: {"CategoryName":"Stable","Version":"1.7.1","ReleaseDate":"2025-02-27","File":[{"Identifier":".deb (Ubuntu/Debian)","Url":"https://proton.me/download/mail/linux/1.7.1/ProtonMail-desktop-beta.deb","Sha512CheckSum":"42051de5e8045c190752f248fa84263f594b0e9a4e553f8c1ac989a513d2ad521c46632de424f0bbebce1ecd9bbb7c136c3da40bd8feae1819957e5c463616fb"},{"Identifier":".rpm (Fedore/RHEL)","Url":"https://proton.me/download/mail/linux/1.7.1/ProtonMail-desktop-beta.rpm","Sha512CheckSum":"49f26a2964af98287e38c69ae43ebd5e832b34098d853cc13f8f68c372f755a3210141d3230a8b4a6406447898a5a17f3c832f37bdd9ad3f9ef4171862b08bfe"}],"ReleaseNotes":[],"RolloutProportion":1,"ManualUpdate":["0.9.0"]}
[2026-02-22 06:30:27.776] [info]  (update)       Skipping update: no newer version available. local: {"Version":"1.12.1","RolloutProportion":0.9090354528758897,"CategoryName":"Stable"} remote: {"CategoryName":"Stable","Version":"1.6.1","ReleaseDate":"2024-12-12","File":[{"Identifier":".deb (Ubuntu/Debian)","Url":"https://proton.me/download/mail/linux/1.6.1/ProtonMail-desktop-beta.deb","Sha512CheckSum":"fde65a33be182907cc104a5875f2ed2a2fee9621f35d36208ff8e13f7a0118d4a3cdf430308880613096e4e21461a559cd9433f566360eb0f565e14cacf18bc5"},{"Identifier":".rpm (Fedore/RHEL)","Url":"https://proton.me/download/mail/linux/1.6.1/ProtonMail-desktop-beta.rpm","Sha512CheckSum":"8ed5b419dd4f6c3a3a275bffb77a8847cd3c049bdcfc18878b982223fd484ddfa242972cc6a73fb72bbddb08874d8a15d0c16bd63a9e121c724eedf052288fbb"}],"ReleaseNotes":[],"RolloutProportion":1,"ManualUpdate":["0.9.0"]}
[2026-02-22 06:30:27.777] [info]  (update)       Skipping update: no newer version available. local: {"Version":"1.12.1","RolloutProportion":0.9090354528758897,"CategoryName":"Stable"} remote: {"CategoryName":"Stable","Version":"1.6.0","ReleaseDate":"2024-12-06","File":[{"Identifier":".deb (Ubuntu/Debian)","Url":"https://proton.me/download/mail/linux/1.6.0/ProtonMail-desktop-beta.deb","Sha512CheckSum":"7a7b2e93b29c1c9f3ddc44bf7b078b6260c79d981a557581f11bb2677a8317264dcb2e664cb7e4a4d9259872cf6bae5d60b94f9ae6ce3655b9be40b03f78155e"},{"Identifier":".rpm (Fedore/RHEL)","Url":"https://proton.me/download/mail/linux/1.6.0/ProtonMail-desktop-beta.rpm","Sha512CheckSum":"16a37459e008c5cdb8a325fd76b353fc85123a4880ab06e4f44982b48dbdf753e392e06b282cf114f24a840ec3d54e4b86290a27600b311f8e12c92c7bd1226e"}],"ReleaseNotes":[],"RolloutProportion":1,"ManualUpdate":["0.9.0"]}
[2026-02-22 06:30:27.778] [info]  (update)       Skipping update: no newer version available. local: {"Version":"1.12.1","RolloutProportion":0.9090354528758897,"CategoryName":"Stable"} remote: {"CategoryName":"Stable","Version":"1.5.1","ReleaseDate":"2024-11-27","File":[{"Identifier":".deb (Ubuntu/Debian)","Url":"https://proton.me/download/mail/linux/1.5.1/ProtonMail-desktop-beta.deb","Sha512CheckSum":"c0d60eb309170aedcc772e10ca4de73cc6fb057eaf510cc5cba996260bcdd57fd7db8f503fc2b77b40c93a411cc19848727554381a9520470a0d5119c267d6da"},{"Identifier":".rpm (Fedore/RHEL)","Url":"https://proton.me/download/mail/linux/1.5.1/ProtonMail-desktop-beta.rpm","Sha512CheckSum":"546d64484e5b06a551da88540c4ddf73a9b19f8fe88dc72ddc779e23b6094ca571593d81ebcdfc5228e3f426832f870301f48af2db6ee774bc681441a27ea651"}],"ReleaseNotes":[],"RolloutProportion":1,"ManualUpdate":["0.9.0"]}
[2026-02-22 06:30:27.780] [info]  (update)       Skipping update: no newer version available. local: {"Version":"1.12.1","RolloutProportion":0.9090354528758897,"CategoryName":"Stable"} remote: {"CategoryName":"Stable","Version":"1.4.0","ReleaseDate":"2024-11-20","File":[{"Identifier":".deb (Ubuntu/Debian)","Url":"https://proton.me/download/mail/linux/1.4.0/ProtonMail-desktop-beta.deb","Sha512CheckSum":"4e1777fd84c70e63bfb5330bc5d13bfe56d07d0544ec426d8a6d037b80568b41ec7c7055f43634e09d3bf9c3212fc7ccd730703e51c065643c2c4ceb1ad6b582"},{"Identifier":".rpm (Fedore/RHEL)","Url":"https://proton.me/download/mail/linux/1.4.0/ProtonMail-desktop-beta.rpm","Sha512CheckSum":"847f564a1c292957175b4b9f114438e2f9edf2ee9f9c7a22121375797926c9372f5b1e4e13ff01b202fd4d09f1f7c25512da2b5c2f6a4a6ac3a8777ac83f78a8"}],"ReleaseNotes":[],"RolloutProportion":1,"ManualUpdate":["0.9.0"]}
[2026-02-22 06:30:27.781] [info]  (update)       Skipping update: no newer version available. local: {"Version":"1.12.1","RolloutProportion":0.9090354528758897,"CategoryName":"Stable"} remote: {"CategoryName":"Stable","Version":"1.3.2","ReleaseDate":"2024-11-12","File":[{"Identifier":".deb (Ubuntu/Debian)","Url":"https://proton.me/download/mail/linux/1.3.2/ProtonMail-desktop-beta.deb","Sha512CheckSum":"d978d748f4b3b3e08fb6e962c110dd66868fddfc657c96018c1c808b7d00c4aa01430d7266ee7a966b8fe71322f2914bff179e9258b477a5d56cc5be01d738ad"},{"Identifier":".rpm (Fedore/RHEL)","Url":"https://proton.me/download/mail/linux/1.3.2/ProtonMail-desktop-beta.rpm","Sha512CheckSum":"10cf5ea806b8398312dc2a0a6eb218c5262d4c2c5555503feb094ff2d838270e01eb5862729a709fb86cfcc33bff17447119dd0c534cf697aa179fb8e4d05ac1"}],"ReleaseNotes":[],"RolloutProportion":1,"ManualUpdate":["0.9.0"]}
[2026-02-22 06:30:27.782] [info]  (update)       Skipping update: no newer version available. local: {"Version":"1.12.1","RolloutProportion":0.9090354528758897,"CategoryName":"Stable"} remote: {"CategoryName":"Stable","Version":"1.2.4","ReleaseDate":"2024-10-02","File":[{"Identifier":".deb (Ubuntu/Debian)","Url":"https://proton.me/download/mail/linux/1.2.4/ProtonMail-desktop-beta.deb","Sha512CheckSum":"a439906d06d6b46505bae017d3152ae2341e3c0ef3588037323484b29238f6be282af4c0da1779142c10b1a210bbd0480e35e15b0b754e9b7868bba6d00e6d0a"},{"Identifier":".rpm (Fedore/RHEL)","Url":"https://proton.me/download/mail/linux/1.2.4/ProtonMail-desktop-beta.rpm","Sha512CheckSum":"1e63ea89ecb3ddcf535eb0f25c0e53bb5d9aaf5d38535785a97143091544f3aac2a42d4f7556516d7c03457edcfe26556b4f65a98355032799d43a314bc80628"}],"ReleaseNotes":[],"RolloutProportion":1,"ManualUpdate":["0.9.0"]}
[2026-02-22 06:30:27.783] [info]  (update)       Skipping update: no newer version available. local: {"Version":"1.12.1","RolloutProportion":0.9090354528758897,"CategoryName":"Stable"} remote: {"CategoryName":"Stable","Version":"1.1.2","ReleaseDate":"2024-09-17","File":[{"Identifier":".deb (Ubuntu/Debian)","Url":"https://proton.me/download/mail/linux/1.1.2/ProtonMail-desktop-beta.deb","Sha512CheckSum":"ce5568970c64da64a4bfe8cd88c2c42dc2edf7d1d502e0c0150eb9cd64ebad6faf3b5269ed942a7a64c398006fda738b55656e9a69aa7a6b15233d9b497a11d2"},{"Identifier":".rpm (Fedore/RHEL)","Url":"https://proton.me/download/mail/linux/1.1.2/ProtonMail-desktop-beta.rpm","Sha512CheckSum":"36e0484ecf6f10a33f21d4333c6472d18ede15f3d5d5fab8afc4ce9d84d48226a930056c1fee1ce069523c4a6b1c9f2496bc1fa1d2538e05a8577a098e6185e6"}],"ReleaseNotes":[],"RolloutProportion":1,"ManualUpdate":["0.9.0"]}
[2026-02-22 06:30:27.785] [info]  (update)       Skipping update: no newer version available. local: {"Version":"1.12.1","RolloutProportion":0.9090354528758897,"CategoryName":"Stable"} remote: {"CategoryName":"Stable","Version":"1.1.0","ReleaseDate":"2024-09-03","File":[{"Identifier":".deb (Ubuntu/Debian)","Url":"https://proton.me/download/mail/linux/1.1.0/ProtonMail-desktop-beta.deb","Sha512CheckSum":"efa5fca38fc76cbd13ae2b153c1eff9d233b62be5b4ccec5647cff57c055a1975176219255eebe3f0e8cc1df3933cbd807aa41c99e3ba24e35ce24d6145d2953"},{"Identifier":".rpm (Fedore/RHEL)","Url":"https://proton.me/download/mail/linux/1.1.0/ProtonMail-desktop-beta.rpm","Sha512CheckSum":"c7871b1a1421ccb2a5ce808196f9ed996af9a408066b8d8d79f3852f29e4c0a0063ce89a86d5b9683fea38392bb94eed1ddac73ce4b2bbd6d7f799b1894e82b4"}],"ReleaseNotes":[],"RolloutProportion":1,"ManualUpdate":["0.9.0"]}
[2026-02-22 06:30:27.786] [info]  (update)       Skipping update: no newer version available. local: {"Version":"1.12.1","RolloutProportion":0.9090354528758897,"CategoryName":"Stable"} remote: {"CategoryName":"Stable","Version":"1.0.6","ReleaseDate":"2024-08-01","File":[{"Identifier":".deb (Ubuntu/Debian)","Url":"https://proton.me/download/mail/linux/ProtonMail-desktop-beta.deb","Sha512CheckSum":"fb51c0cd2124188ec40ba38c863933905a26a7457e8738048865ed4a43feb6afb30df8f20924eccfaca9e69e17f0b63960fc2e986edaaf714906d56534b8b462"},{"Identifier":".rpm (Fedore/RHEL)","Url":"https://proton.me/download/mail/linux/ProtonMail-desktop-beta.rpm","Sha512CheckSum":"ac294dabfd3150c26acf46d9988942778076191d4b1b100798de06d6fbaececa87083d72c6e717259969250a711ef7559e20cb6d862b890244cc34d917b86e6e"}],"ReleaseNotes":[],"RolloutProportion":1,"ManualUpdate":["0.9.0"]}
[2026-02-22 06:30:27.787] [info]  (update)       Skipping update: no newer version available. local: {"Version":"1.12.1","RolloutProportion":0.9090354528758897,"CategoryName":"Stable"} remote: {"CategoryName":"Stable","Version":"1.0.5","ReleaseDate":"2024-07-09","File":[{"Identifier":".deb (Ubuntu/Debian)","Url":"https://proton.me/download/mail/linux/ProtonMail-desktop-beta.deb","Sha512CheckSum":"108e434004b323d63f3240f86f8c6e13d0e42d09a59846a8d04b44914927985e93e68ca11ca110581186fc663b28e5eec6d3b49751c0eca9e04f0dea3cf753b3"},{"Identifier":".rpm (Fedore/RHEL)","Url":"https://proton.me/download/mail/linux/ProtonMail-desktop-beta.rpm","Sha512CheckSum":"00a2742aa487b3b08ab15502895b967272d6096ccc442087cb8d4be11b6842fac5856746ad2dfe45f99f229fbfa3d59b2b8c105e61ed86f8d75e80d160527212"}],"ReleaseNotes":[],"RolloutProportion":1,"ManualUpdate":["0.9.0"]}
[2026-02-22 06:30:28.099] [info]  (mail)         did-navigate https://mail.proton.me/
[2026-02-22 06:30:28.102] [debug] (mail)         did-navigate set zoom factor to 1
[2026-02-22 06:30:30.445] [debug] (mail)         did-finish-load https://mail.proton.me/
[2026-02-22 06:30:30.448] [verbose] (mail)         updating view bounds {"x":0,"y":0,"width":1203,"height":892}
[2026-02-22 06:30:30.451] [info]  (mail)         showView showing view for 
[2026-02-22 06:30:30.581] [info]  (preload)      Sending message: setTheme
[2026-02-22 06:30:30.598] [info]  (preload)      Sending message: storeAppVersion
[2026-02-22 06:30:30.602] [info]  (utils)        Application loaded: proton-mail@5.0.101.8
[2026-02-22 06:30:30.604] [debug] (utils)        Current versions are: 1.12.1 (M 5.0.101.8)
[2026-02-22 06:30:30.648] [info]  (mail)         will-navigate https://account.proton.me/__FORBIDDEN__?app=proton-mail&state=8zao7NhbHTuUcU5lsBM25MUcIHVvrIo7iPKg6RUroPo&v=2&reason=session-expired
[2026-02-22 06:30:31.422] [error] (mail)         did-fail-load -3 
[2026-02-22 06:30:31.480] [info]  (mail)         did-navigate https://account.proton.me/__FORBIDDEN__?app=proton-mail&state=8zao7NhbHTuUcU5lsBM25MUcIHVvrIo7iPKg6RUroPo&v=2&reason=session-expired
[2026-02-22 06:30:31.483] [debug] (mail)         did-navigate set zoom factor to 1
[2026-02-22 06:30:31.629] [info]  (main)         update window bounds {"x":209,"y":67,"width":1203,"height":844,"maximized":false,"zoom":1}
[2026-02-22 06:30:32.870] [info]  (preload)      Sending message: storeAppVersion
[2026-02-22 06:30:32.873] [info]  (utils)        Application loaded: proton-account@5.0.341.0
[2026-02-22 06:30:32.874] [debug] (utils)        Current versions are: 1.12.1 (M 5.0.101.8 / A 5.0.341.0)
[2026-02-22 06:30:32.927] [info]  (preload)      Sending message: setTheme
[2026-02-22 06:30:32.934] [info]  (mail)         did-navigate-in-page https://account.proton.me/mail
[2026-02-22 06:30:33.783] [info]  (preload)      Sending message: metricsListenerChanged
[2026-02-22 06:30:33.788] [debug] (main)         Metrics listener ready
[2026-02-22 06:30:36.169] [debug] (main)         request-load-time average: 542ms deviation: 256ms max: 1166ms count: 33
[2026-02-22 06:30:36.772] [verbose] (mail)         updating view bounds {"x":0,"y":0,"width":1202,"height":844}
[2026-02-22 06:30:36.778] [verbose] (calendar)     updating view bounds {"x":0,"y":0,"width":1202,"height":844}
[2026-02-22 06:30:36.784] [verbose] (account)      updating view bounds {"x":0,"y":0,"width":1202,"height":844}
[2026-02-22 06:30:37.862] [info]  (main)         update window bounds {"x":0,"y":67,"width":1619,"height":844,"maximized":true,"zoom":1}
[2026-02-22 06:30:40.488] [verbose] (mail)         updating view bounds {"x":0,"y":0,"width":1203,"height":844}
[2026-02-22 06:30:40.495] [verbose] (calendar)     updating view bounds {"x":0,"y":0,"width":1203,"height":844}
[2026-02-22 06:30:40.498] [verbose] (account)      updating view bounds {"x":0,"y":0,"width":1203,"height":844}
[2026-02-22 06:30:41.063] [verbose] (mail)         updating view bounds {"x":0,"y":0,"width":1203,"height":844}
[2026-02-22 06:30:41.068] [verbose] (calendar)     updating view bounds {"x":0,"y":0,"width":1203,"height":844}
[2026-02-22 06:30:41.074] [verbose] (account)      updating view bounds {"x":0,"y":0,"width":1203,"height":844}
[2026-02-22 06:30:42.135] [info]  (main)         update window bounds {"x":0,"y":67,"width":1619,"height":844,"maximized":true,"zoom":1}
[2026-02-22 06:30:42.933] [debug] (mail)         Window open (denied) unknown link open in browser https://proton.me/mail
[2026-02-22 06:30:59.336] [info]  (main)         close, window not visible on Windows or Linux
[2026-02-22 06:30:59.349] [info]  (main)         All windows closed
